Change Component Designator: OldDesignator=C14 NewDesignator=C16
Change Component Designator: OldDesignator=C15 NewDesignator=C18
Change Component Designator: OldDesignator=C16 NewDesignator=C19
Change Component Designator: OldDesignator=C18 NewDesignator=C20
Change Component Designator: OldDesignator=C19 NewDesignator=C14
Change Component Designator: OldDesignator=C20 NewDesignator=C15
Change Component Designator: OldDesignator=D1 NewDesignator=D3
Change Component Designator: OldDesignator=D2 NewDesignator=D1
Change Component Designator: OldDesignator=D3 NewDesignator=D2
Change Component Designator: OldDesignator=D4 NewDesignator=D5
Change Component Designator: OldDesignator=D5 NewDesignator=D4
Change Component Designator: OldDesignator=SW1 NewDesignator=SW3
Added Component: Designator=SW1(KEY-SMD_4P-L6.0-W6.0-P4.50-LS10.0)
Add component (AddParameter): Name = "Actuator Style"; Value = "圆形按钮"; VariantName = "[No Variations]"
Add component (AddParameter): Name = "Add into BOM"; Value = "yes"; VariantName = "[No Variations]"
Add component (AddParameter): Name = "Circuit"; Value = "单刀单掷"; VariantName = "[No Variations]"
Add component (AddParameter): Name = "Contact Current"; Value = "50mA"; VariantName = "[No Variations]"
Add component (AddParameter): Name = "Convert to PCB"; Value = "yes"; VariantName = "[No Variations]"
Add component (AddParameter): Name = "Datasheet"; Value = "https://atta.szlcsc.com/upload/public/pdf/source/20181030/C273499_C7AAC60B73C66F9CC8848B3DA9BBFF04.pdf"; VariantName = "[No Variations]"
Add component (AddParameter): Name = "Device"; Value = "TL3301EF100QG"; VariantName = "[No Variations]"
Add component (AddParameter): Name = "JLCPCB Part Class"; Value = "Extended Part"; VariantName = "[No Variations]"
Add component (AddParameter): Name = "LCSC Part Name"; Value = "TL3301EF100QG"; VariantName = "[No Variations]"
Add component (AddParameter): Name = "Manufacturer"; Value = "E-Switch"; VariantName = "[No Variations]"
Add component (AddParameter): Name = "Manufacturer Part"; Value = "TL3301EF100QG"; VariantName = "[No Variations]"
Add component (AddParameter): Name = "Mounting Style"; Value = "立贴"; VariantName = "[No Variations]"
Add component (AddParameter): Name = "Name"; Value = "TL3301EF100QG"; VariantName = "[No Variations]"
Add component (AddParameter): Name = "Supplier"; Value = "LCSC"; VariantName = "[No Variations]"
Add component (AddParameter): Name = "Supplier Footprint"; Value = "SMD,6x6mm"; VariantName = "[No Variations]"
Add component (AddParameter): Name = "Supplier Part"; Value = "C273499"; VariantName = "[No Variations]"
Add component (AddParameter): Name = "Switch Height"; Value = "3.7mm"; VariantName = "[No Variations]"
Add component (AddParameter): Name = "Switch Length"; Value = "6mm"; VariantName = "[No Variations]"
Add component (AddParameter): Name = "Switch Width"; Value = "6mm"; VariantName = "[No Variations]"
Add component (AddParameter): Name = "Symbol"; Value = "TL3301EF100QG"; VariantName = "[No Variations]"
Add component (AddParameter): Name = "Voltage Rating (DC)"; Value = "12V"; VariantName = "[No Variations]"
Add component (AddParameter): Name = "With Lamp"; Value = "-"; VariantName = "[No Variations]"
Added Component: Designator=SW2(KEY-SMD_4P-L6.0-W6.0-P4.50-LS10.0)
Add component (AddParameter): Name = "Actuator Style"; Value = "圆形按钮"; VariantName = "[No Variations]"
Add component (AddParameter): Name = "Add into BOM"; Value = "yes"; VariantName = "[No Variations]"
Add component (AddParameter): Name = "Circuit"; Value = "单刀单掷"; VariantName = "[No Variations]"
Add component (AddParameter): Name = "Contact Current"; Value = "50mA"; VariantName = "[No Variations]"
Add component (AddParameter): Name = "Convert to PCB"; Value = "yes"; VariantName = "[No Variations]"
Add component (AddParameter): Name = "Datasheet"; Value = "https://atta.szlcsc.com/upload/public/pdf/source/20181030/C273499_C7AAC60B73C66F9CC8848B3DA9BBFF04.pdf"; VariantName = "[No Variations]"
Add component (AddParameter): Name = "Device"; Value = "TL3301EF100QG"; VariantName = "[No Variations]"
Add component (AddParameter): Name = "JLCPCB Part Class"; Value = "Extended Part"; VariantName = "[No Variations]"
Add component (AddParameter): Name = "LCSC Part Name"; Value = "TL3301EF100QG"; VariantName = "[No Variations]"
Add component (AddParameter): Name = "Manufacturer"; Value = "E-Switch"; VariantName = "[No Variations]"
Add component (AddParameter): Name = "Manufacturer Part"; Value = "TL3301EF100QG"; VariantName = "[No Variations]"
Add component (AddParameter): Name = "Mounting Style"; Value = "立贴"; VariantName = "[No Variations]"
Add component (AddParameter): Name = "Name"; Value = "TL3301EF100QG"; VariantName = "[No Variations]"
Add component (AddParameter): Name = "Supplier"; Value = "LCSC"; VariantName = "[No Variations]"
Add component (AddParameter): Name = "Supplier Footprint"; Value = "SMD,6x6mm"; VariantName = "[No Variations]"
Add component (AddParameter): Name = "Supplier Part"; Value = "C273499"; VariantName = "[No Variations]"
Add component (AddParameter): Name = "Switch Height"; Value = "3.7mm"; VariantName = "[No Variations]"
Add component (AddParameter): Name = "Switch Length"; Value = "6mm"; VariantName = "[No Variations]"
Add component (AddParameter): Name = "Switch Width"; Value = "6mm"; VariantName = "[No Variations]"
Add component (AddParameter): Name = "Symbol"; Value = "TL3301EF100QG"; VariantName = "[No Variations]"
Add component (AddParameter): Name = "Voltage Rating (DC)"; Value = "12V"; VariantName = "[No Variations]"
Add component (AddParameter): Name = "With Lamp"; Value = "-"; VariantName = "[No Variations]"
Added Pin To Net: NetName=GND Pin=C4-1
Added Pin To Net: NetName=GND Pin=C5-1
Added Pin To Net: NetName=GND Pin=C6-1
Added Pin To Net: NetName=GND Pin=C7-1
Added Pin To Net: NetName=GND Pin=C8-1
Added Pin To Net: NetName=KEY1 Pin=SW1-1
Added Pin To Net: NetName=GND Pin=SW1-3
Added Pin To Net: NetName=KEY2 Pin=SW2-1
Added Pin To Net: NetName=GND Pin=SW2-3
Change Net Name : Old Net Name=NetC18_2 New Net Name=NetC20_2
Change Net Name : Old Net Name=NetD2_A New Net Name=NetD1_A
Change Net Name : Old Net Name=NetD3_A New Net Name=NetD2_A
Change Net Name : Old Net Name=NetD3_K New Net Name=NetD2_K
Change Net Name : Old Net Name=NetD4_K New Net Name=NetD5_K
Added Pin To Net: NetName=NetLED1_2 Pin=LED1-2
Added Pin To Net: NetName=NetLED1_2 Pin=LED2-4
Added Net: Name=NetLED1_2
Added Pin To Net: NetName=NetLED2_2 Pin=LED2-2
Added Pin To Net: NetName=NetLED2_2 Pin=LED3-4
Added Net: Name=NetLED2_2
Added Pin To Net: NetName=NetLED3_2 Pin=LED3-2
Added Pin To Net: NetName=NetLED3_2 Pin=LED4-4
Added Net: Name=NetLED3_2
Added Pin To Net: NetName=NetLED4_2 Pin=LED4-2
Added Pin To Net: NetName=NetLED4_2 Pin=LED5-4
Added Net: Name=NetLED4_2
Added Member To Class: ClassName=Weapon_of_Aphelios Member=Component SW2 TL3301EF100QG
Added Member To Class: ClassName=Weapon_of_Aphelios Member=Component SW3 SK12D07VG3_C431547
Added Room: Name=Weapon_of_Aphelios
