Added Component: Designator=U1(LQFP-48_M)
Added Pin To Net: NetName=3v3 Pin=U1-1
Added Pin To Net: NetName=NetC1_2 Pin=U1-5
Added Pin To Net: NetName=NetC2_2 Pin=U1-6
Added Pin To Net: NetName=NetC3_1 Pin=U1-7
Added Pin To Net: NetName=GND Pin=U1-8
Added Pin To Net: NetName=3v3 Pin=U1-9
Added Pin To Net: NetName=DIN Pin=U1-10
Added Pin To Net: NetName=KEY1 Pin=U1-11
Added Pin To Net: NetName=KEY2 Pin=U1-12
Added Pin To Net: NetName=NetR4_2 Pin=U1-20
Added Pin To Net: NetName=GND Pin=U1-23
Added Pin To Net: NetName=3v3 Pin=U1-24
Added Pin To Net: NetName=USART1_TX Pin=U1-30
Added Pin To Net: NetName=USART1_RX Pin=U1-31
Added Pin To Net: NetName=SWDIO Pin=U1-34
Added Pin To Net: NetName=GND Pin=U1-35
Added Pin To Net: NetName=3v3 Pin=U1-36
Added Pin To Net: NetName=SWCLK Pin=U1-37
Added Pin To Net: NetName=NetR3_2 Pin=U1-44
Added Pin To Net: NetName=GND Pin=U1-47
Added Pin To Net: NetName=3v3 Pin=U1-48
Added Member To Class: ClassName=Weapon_of_Aphelios Member=Component U1 STM32F103C
Added Room: Name=Weapon_of_Aphelios
